<?xml version="1.0" encoding="UTF-8"?>
<testsuite name="com.ch.practice.springboot.web.PostsApiControllerTest" tests="2" skipped="0" failures="0" errors="0" timestamp="2022-02-27T13:05:23" hostname="DESKTOP-IBIA5LM" time="0.245">
  <properties/>
  <testcase name="Posts_등록된다" classname="com.ch.practice.springboot.web.PostsApiControllerTest" time="0.187"/>
  <testcase name="Posts_수정된다" classname="com.ch.practice.springboot.web.PostsApiControllerTest" time="0.058"/>
  <system-out><![CDATA[2022-02-27 22:05:23.411  INFO 5936 --- [    Test worker] .b.t.c.SpringBootTestContextBootstrapper : Neither @ContextConfiguration nor @ContextHierarchy found for test class [com.ch.practice.springboot.web.PostsApiControllerTest], using SpringBootContextLoader
2022-02-27 22:05:23.416  INFO 5936 --- [    Test worker] o.s.t.c.support.AbstractContextLoader    : Could not detect default resource locations for test class [com.ch.practice.springboot.web.PostsApiControllerTest]: no resource found for suffixes {-context.xml, Context.groovy}.
2022-02-27 22:05:23.418  INFO 5936 --- [    Test worker] t.c.s.AnnotationConfigContextLoaderUtils : Could not detect default configuration classes for test class [com.ch.practice.springboot.web.PostsApiControllerTest]: PostsApiControllerTest does not declare any static, non-private, non-final, nested classes annotated with @Configuration.
2022-02-27 22:05:23.429  INFO 5936 --- [    Test worker] .b.t.c.SpringBootTestContextBootstrapper : Found @SpringBootConfiguration com.ch.practice.springboot.Application for test class com.ch.practice.springboot.web.PostsApiControllerTest
2022-02-27 22:05:23.433  INFO 5936 --- [    Test worker] .b.t.c.SpringBootTestContextBootstrapper : Loaded default TestExecutionListener class names from location [META-INF/spring.factories]: [org.springframework.security.test.context.support.WithSecurityContextTestExecutionListener, org.springframework.security.test.context.support.ReactorContextTestExecutionListener, org.springframework.boot.test.autoconfigure.restdocs.RestDocsTestExecutionListener, org.springframework.boot.test.autoconfigure.web.client.MockRestServiceServerResetTestExecutionListener, org.springframework.boot.test.autoconfigure.web.servlet.MockMvcPrintOnlyOnFailureTestExecutionListener, org.springframework.boot.test.autoconfigure.web.servlet.WebDriverTestExecutionListener, org.springframework.boot.test.mock.mockito.MockitoTestExecutionListener, org.springframework.boot.test.mock.mockito.ResetMocksTestExecutionListener, org.springframework.test.context.web.ServletTestExecutionListener, org.springframework.test.context.support.DirtiesContextBeforeModesTestExecutionListener, org.springframework.test.context.support.DependencyInjectionTestExecutionListener, org.springframework.test.context.support.DirtiesContextTestExecutionListener, org.springframework.test.context.transaction.TransactionalTestExecutionListener, org.springframework.test.context.jdbc.SqlScriptsTestExecutionListener]
2022-02-27 22:05:23.439  INFO 5936 --- [    Test worker] .b.t.c.SpringBootTestContextBootstrapper : Using TestExecutionListeners: [org.springframework.test.context.web.ServletTestExecutionListener@835c2d7, org.springframework.test.context.support.DirtiesContextBeforeModesTestExecutionListener@abaa789, org.springframework.boot.test.mock.mockito.MockitoTestExecutionListener@69c24797, org.springframework.boot.test.autoconfigure.SpringBootDependencyInjectionTestExecutionListener@6d3bf794, org.springframework.test.context.support.DirtiesContextTestExecutionListener@4bbeb39e, org.springframework.test.context.transaction.TransactionalTestExecutionListener@1467d38f, org.springframework.test.context.jdbc.SqlScriptsTestExecutionListener@6f62d06b, org.springframework.security.test.context.support.WithSecurityContextTestExecutionListener@5dd71d44, org.springframework.security.test.context.support.ReactorContextTestExecutionListener@634b6723, org.springframework.boot.test.autoconfigure.restdocs.RestDocsTestExecutionListener@499a3b6e, org.springframework.boot.test.autoconfigure.web.client.MockRestServiceServerResetTestExecutionListener@30825bbe, org.springframework.boot.test.autoconfigure.web.servlet.MockMvcPrintOnlyOnFailureTestExecutionListener@55da4dd7, org.springframework.boot.test.autoconfigure.web.servlet.WebDriverTestExecutionListener@6d905a30, org.springframework.boot.test.mock.mockito.ResetMocksTestExecutionListener@75494da7]
2022-02-27 22:05:23.477  INFO 5936 --- [    Test worker] o.a.c.c.C.[Tomcat].[localhost].[/]       : Initializing Spring TestDispatcherServlet ''
2022-02-27 22:05:23.477  INFO 5936 --- [    Test worker] o.s.t.web.servlet.TestDispatcherServlet  : Initializing Servlet ''
2022-02-27 22:05:23.481  INFO 5936 --- [    Test worker] o.s.t.web.servlet.TestDispatcherServlet  : Completed initialization in 4 ms
Hibernate: insert into posts (created_date, modified_date, author, content, title) values (?, ?, ?, ?, ?)
Hibernate: select posts0_.id as id1_0_, posts0_.created_date as created_2_0_, posts0_.modified_date as modified3_0_, posts0_.author as author4_0_, posts0_.content as content5_0_, posts0_.title as title6_0_ from posts posts0_
Hibernate: select posts0_.id as id1_0_, posts0_.created_date as created_2_0_, posts0_.modified_date as modified3_0_, posts0_.author as author4_0_, posts0_.content as content5_0_, posts0_.title as title6_0_ from posts posts0_
Hibernate: delete from posts where id=?
2022-02-27 22:05:23.649  INFO 5936 --- [    Test worker] o.a.c.c.C.[Tomcat].[localhost].[/]       : Initializing Spring TestDispatcherServlet ''
2022-02-27 22:05:23.649  INFO 5936 --- [    Test worker] o.s.t.web.servlet.TestDispatcherServlet  : Initializing Servlet ''
2022-02-27 22:05:23.653  INFO 5936 --- [    Test worker] o.s.t.web.servlet.TestDispatcherServlet  : Completed initialization in 4 ms
Hibernate: insert into posts (created_date, modified_date, author, content, title) values (?, ?, ?, ?, ?)
Hibernate: select posts0_.id as id1_0_0_, posts0_.created_date as created_2_0_0_, posts0_.modified_date as modified3_0_0_, posts0_.author as author4_0_0_, posts0_.content as content5_0_0_, posts0_.title as title6_0_0_ from posts posts0_ where posts0_.id=?
Hibernate: update posts set created_date=?, modified_date=?, author=?, content=?, title=? where id=?
Hibernate: select posts0_.id as id1_0_, posts0_.created_date as created_2_0_, posts0_.modified_date as modified3_0_, posts0_.author as author4_0_, posts0_.content as content5_0_, posts0_.title as title6_0_ from posts posts0_
Hibernate: select posts0_.id as id1_0_, posts0_.created_date as created_2_0_, posts0_.modified_date as modified3_0_, posts0_.author as author4_0_, posts0_.content as content5_0_, posts0_.title as title6_0_ from posts posts0_
Hibernate: delete from posts where id=?
]]></system-out>
  <system-err><![CDATA[]]></system-err>
</testsuite>
