<?xml version="1.0" encoding="UTF-8"?>
<testsuite name="com.ch.practice.springboot.web.HelloControllerTest" tests="2" skipped="0" failures="0" errors="0" timestamp="2022-02-27T13:04:58" hostname="DESKTOP-IBIA5LM" time="1.147">
  <properties/>
  <testcase name="hello가_리턴된다" classname="com.ch.practice.springboot.web.HelloControllerTest" time="0.811"/>
  <testcase name="helloDto가_리턴된다" classname="com.ch.practice.springboot.web.HelloControllerTest" time="0.335"/>
  <system-out><![CDATA[22:04:43.881 [Test worker] DEBUG org.springframework.test.context.junit4.SpringJUnit4ClassRunner - SpringJUnit4ClassRunner constructor called with [class com.ch.practice.springboot.web.HelloControllerTest]
22:04:43.898 [Test worker] DEBUG org.springframework.test.context.BootstrapUtils - Instantiating CacheAwareContextLoaderDelegate from class [org.springframework.test.context.cache.DefaultCacheAwareContextLoaderDelegate]
22:04:43.924 [Test worker] DEBUG org.springframework.test.context.BootstrapUtils - Instantiating BootstrapContext using constructor [public org.springframework.test.context.support.DefaultBootstrapContext(java.lang.Class,org.springframework.test.context.CacheAwareContextLoaderDelegate)]
22:04:43.990 [Test worker] DEBUG org.springframework.test.context.BootstrapUtils - Instantiating TestContextBootstrapper for test class [com.ch.practice.springboot.web.HelloControllerTest] from class [org.springframework.boot.test.autoconfigure.web.servlet.WebMvcTestContextBootstrapper]
22:04:44.040 [Test worker] INFO org.springframework.boot.test.autoconfigure.web.servlet.WebMvcTestContextBootstrapper - Neither @ContextConfiguration nor @ContextHierarchy found for test class [com.ch.practice.springboot.web.HelloControllerTest], using SpringBootContextLoader
22:04:44.051 [Test worker] DEBUG org.springframework.test.context.support.AbstractContextLoader - Did not detect default resource location for test class [com.ch.practice.springboot.web.HelloControllerTest]: class path resource [com/ch/practice/springboot/web/HelloControllerTest-context.xml] does not exist
22:04:44.052 [Test worker] DEBUG org.springframework.test.context.support.AbstractContextLoader - Did not detect default resource location for test class [com.ch.practice.springboot.web.HelloControllerTest]: class path resource [com/ch/practice/springboot/web/HelloControllerTestContext.groovy] does not exist
22:04:44.053 [Test worker] INFO org.springframework.test.context.support.AbstractContextLoader - Could not detect default resource locations for test class [com.ch.practice.springboot.web.HelloControllerTest]: no resource found for suffixes {-context.xml, Context.groovy}.
22:04:44.058 [Test worker] INFO org.springframework.test.context.support.AnnotationConfigContextLoaderUtils - Could not detect default configuration classes for test class [com.ch.practice.springboot.web.HelloControllerTest]: HelloControllerTest does not declare any static, non-private, non-final, nested classes annotated with @Configuration.
22:04:44.226 [Test worker] DEBUG org.springframework.test.context.support.ActiveProfilesUtils - Could not find an 'annotation declaring class' for annotation type [org.springframework.test.context.ActiveProfiles] and class [com.ch.practice.springboot.web.HelloControllerTest]
22:04:44.395 [Test worker] DEBUG org.springframework.context.annotation.ClassPathScanningCandidateComponentProvider - Identified candidate component class: file [C:\Users\user\IdeaProjects\practice1-springboot-webservice\build\classes\java\main\com\ch\practice\springboot\Application.class]
22:04:44.398 [Test worker] INFO org.springframework.boot.test.context.SpringBootTestContextBootstrapper - Found @SpringBootConfiguration com.ch.practice.springboot.Application for test class com.ch.practice.springboot.web.HelloControllerTest
22:04:44.403 [Test worker] DEBUG org.springframework.boot.test.autoconfigure.web.servlet.WebMvcTestContextBootstrapper - @TestExecutionListeners is not present for class [com.ch.practice.springboot.web.HelloControllerTest]: using defaults.
22:04:44.405 [Test worker] INFO org.springframework.boot.test.autoconfigure.web.servlet.WebMvcTestContextBootstrapper - Loaded default TestExecutionListener class names from location [META-INF/spring.factories]: [org.springframework.security.test.context.support.WithSecurityContextTestExecutionListener, org.springframework.security.test.context.support.ReactorContextTestExecutionListener, org.springframework.boot.test.autoconfigure.restdocs.RestDocsTestExecutionListener, org.springframework.boot.test.autoconfigure.web.client.MockRestServiceServerResetTestExecutionListener, org.springframework.boot.test.autoconfigure.web.servlet.MockMvcPrintOnlyOnFailureTestExecutionListener, org.springframework.boot.test.autoconfigure.web.servlet.WebDriverTestExecutionListener, org.springframework.boot.test.mock.mockito.MockitoTestExecutionListener, org.springframework.boot.test.mock.mockito.ResetMocksTestExecutionListener, org.springframework.test.context.web.ServletTestExecutionListener, org.springframework.test.context.support.DirtiesContextBeforeModesTestExecutionListener, org.springframework.test.context.support.DependencyInjectionTestExecutionListener, org.springframework.test.context.support.DirtiesContextTestExecutionListener, org.springframework.test.context.transaction.TransactionalTestExecutionListener, org.springframework.test.context.jdbc.SqlScriptsTestExecutionListener]
22:04:44.485 [Test worker] INFO org.springframework.boot.test.autoconfigure.web.servlet.WebMvcTestContextBootstrapper - Using TestExecutionListeners: [org.springframework.test.context.web.ServletTestExecutionListener@2db7712e, org.springframework.test.context.support.DirtiesContextBeforeModesTestExecutionListener@4bb3bf3b, org.springframework.boot.test.mock.mockito.MockitoTestExecutionListener@1f0e2387, org.springframework.boot.test.autoconfigure.SpringBootDependencyInjectionTestExecutionListener@444979b4, org.springframework.test.context.support.DirtiesContextTestExecutionListener@52615e12, org.springframework.test.context.transaction.TransactionalTestExecutionListener@47d6902, org.springframework.test.context.jdbc.SqlScriptsTestExecutionListener@6a817011, org.springframework.security.test.context.support.WithSecurityContextTestExecutionListener@658a202c, org.springframework.security.test.context.support.ReactorContextTestExecutionListener@3dc36341, org.springframework.boot.test.autoconfigure.restdocs.RestDocsTestExecutionListener@52992882, org.springframework.boot.test.autoconfigure.web.client.MockRestServiceServerResetTestExecutionListener@33f9db38, org.springframework.boot.test.autoconfigure.web.servlet.MockMvcPrintOnlyOnFailureTestExecutionListener@7c6162b, org.springframework.boot.test.autoconfigure.web.servlet.WebDriverTestExecutionListener@2139b4f9, org.springframework.boot.test.mock.mockito.ResetMocksTestExecutionListener@3a7f4564]
22:04:44.496 [Test worker] DEBUG org.springframework.test.annotation.ProfileValueUtils - Retrieved @ProfileValueSourceConfiguration [null] for test class [com.ch.practice.springboot.web.HelloControllerTest]
22:04:44.497 [Test worker] DEBUG org.springframework.test.annotation.ProfileValueUtils - Retrieved ProfileValueSource type [class org.springframework.test.annotation.SystemProfileValueSource] for class [com.ch.practice.springboot.web.HelloControllerTest]
22:04:44.500 [Test worker] DEBUG org.springframework.test.annotation.ProfileValueUtils - Retrieved @ProfileValueSourceConfiguration [null] for test class [com.ch.practice.springboot.web.HelloControllerTest]
22:04:44.500 [Test worker] DEBUG org.springframework.test.annotation.ProfileValueUtils - Retrieved ProfileValueSource type [class org.springframework.test.annotation.SystemProfileValueSource] for class [com.ch.practice.springboot.web.HelloControllerTest]
22:04:44.518 [Test worker] DEBUG org.springframework.test.context.support.AbstractDirtiesContextTestExecutionListener - Before test class: context [DefaultTestContext@1f9e7b0c testClass = HelloControllerTest, testInstance = [null], testMethod = [null], testException = [null], mergedContextConfiguration = [WebMergedContextConfiguration@3d3f32b8 testClass = HelloControllerTest, locations = '{}', classes = '{class com.ch.practice.springboot.Application}', contextInitializerClasses = '[]', activeProfiles = '{}', propertySourceLocations = '{}', propertySourceProperties = '{org.springframework.boot.test.autoconfigure.web.servlet.WebMvcTestContextBootstrapper=true}', contextCustomizers = set[org.springframework.boot.test.autoconfigure.OverrideAutoConfigurationContextCustomizerFactory$DisableAutoConfigurationContextCustomizer@69ef587f, org.springframework.boot.test.autoconfigure.filter.TypeExcludeFiltersContextCustomizer@9975859b, org.springframework.boot.test.autoconfigure.properties.PropertyMappingContextCustomizer@990ef343, org.springframework.boot.test.autoconfigure.web.servlet.WebDriverContextCustomizerFactory$Customizer@1feb425, [ImportsContextCustomizer@605d3247 key = [org.springframework.boot.autoconfigure.cache.CacheAutoConfiguration, org.springframework.boot.autoconfigure.context.MessageSourceAutoConfiguration, org.springframework.boot.autoconfigure.data.web.SpringDataWebAutoConfiguration, org.springframework.boot.autoconfigure.freemarker.FreeMarkerAutoConfiguration, org.springframework.boot.autoconfigure.groovy.template.GroovyTemplateAutoConfiguration, org.springframework.boot.autoconfigure.gson.GsonAutoConfiguration, org.springframework.boot.autoconfigure.hateoas.HypermediaAutoConfiguration, org.springframework.boot.autoconfigure.http.HttpMessageConvertersAutoConfiguration, org.springframework.boot.autoconfigure.jackson.JacksonAutoConfiguration, org.springframework.boot.autoconfigure.jsonb.JsonbAutoConfiguration, org.springframework.boot.autoconfigure.mustache.MustacheAutoConfiguration, org.springframework.boot.autoconfigure.task.TaskExecutionAutoConfiguration, org.springframework.boot.autoconfigure.thymeleaf.ThymeleafAutoConfiguration, org.springframework.boot.autoconfigure.validation.ValidationAutoConfiguration, org.springframework.boot.autoconfigure.web.servlet.error.ErrorMvcAutoConfiguration, org.springframework.boot.autoconfigure.web.servlet.WebMvcAutoConfiguration, org.springframework.boot.test.autoconfigure.web.servlet.MockMvcAutoConfiguration, org.springframework.boot.test.autoconfigure.web.servlet.MockMvcSecurityAutoConfiguration, org.springframework.boot.test.autoconfigure.web.servlet.MockMvcWebClientAutoConfiguration, org.springframework.boot.test.autoconfigure.web.servlet.MockMvcWebDriverAutoConfiguration]], org.springframework.boot.test.context.filter.ExcludeFilterContextCustomizer@741f237d, org.springframework.boot.test.json.DuplicateJsonObjectContextCustomizerFactory$DuplicateJsonObjectContextCustomizer@57857fe6, org.springframework.boot.test.mock.mockito.MockitoContextCustomizer@0], resourceBasePath = 'src/main/webapp', contextLoader = 'org.springframework.boot.test.context.SpringBootContextLoader', parent = [null]], attributes = map[[empty]]], class annotated with @DirtiesContext [false] with mode [null].
22:04:44.521 [Test worker] DEBUG org.springframework.test.annotation.ProfileValueUtils - Retrieved @ProfileValueSourceConfiguration [null] for test class [com.ch.practice.springboot.web.HelloControllerTest]
22:04:44.522 [Test worker] DEBUG org.springframework.test.annotation.ProfileValueUtils - Retrieved ProfileValueSource type [class org.springframework.test.annotation.SystemProfileValueSource] for class [com.ch.practice.springboot.web.HelloControllerTest]
22:04:44.547 [Test worker] DEBUG org.springframework.test.context.support.DependencyInjectionTestExecutionListener - Performing dependency injection for test context [[DefaultTestContext@1f9e7b0c testClass = HelloControllerTest, testInstance = com.ch.practice.springboot.web.HelloControllerTest@459f8611, testMethod = [null], testException = [null], mergedContextConfiguration = [WebMergedContextConfiguration@3d3f32b8 testClass = HelloControllerTest, locations = '{}', classes = '{class com.ch.practice.springboot.Application}', contextInitializerClasses = '[]', activeProfiles = '{}', propertySourceLocations = '{}', propertySourceProperties = '{org.springframework.boot.test.autoconfigure.web.servlet.WebMvcTestContextBootstrapper=true}', contextCustomizers = set[org.springframework.boot.test.autoconfigure.OverrideAutoConfigurationContextCustomizerFactory$DisableAutoConfigurationContextCustomizer@69ef587f, org.springframework.boot.test.autoconfigure.filter.TypeExcludeFiltersContextCustomizer@9975859b, org.springframework.boot.test.autoconfigure.properties.PropertyMappingContextCustomizer@990ef343, org.springframework.boot.test.autoconfigure.web.servlet.WebDriverContextCustomizerFactory$Customizer@1feb425, [ImportsContextCustomizer@605d3247 key = [org.springframework.boot.autoconfigure.cache.CacheAutoConfiguration, org.springframework.boot.autoconfigure.context.MessageSourceAutoConfiguration, org.springframework.boot.autoconfigure.data.web.SpringDataWebAutoConfiguration, org.springframework.boot.autoconfigure.freemarker.FreeMarkerAutoConfiguration, org.springframework.boot.autoconfigure.groovy.template.GroovyTemplateAutoConfiguration, org.springframework.boot.autoconfigure.gson.GsonAutoConfiguration, org.springframework.boot.autoconfigure.hateoas.HypermediaAutoConfiguration, org.springframework.boot.autoconfigure.http.HttpMessageConvertersAutoConfiguration, org.springframework.boot.autoconfigure.jackson.JacksonAutoConfiguration, org.springframework.boot.autoconfigure.jsonb.JsonbAutoConfiguration, org.springframework.boot.autoconfigure.mustache.MustacheAutoConfiguration, org.springframework.boot.autoconfigure.task.TaskExecutionAutoConfiguration, org.springframework.boot.autoconfigure.thymeleaf.ThymeleafAutoConfiguration, org.springframework.boot.autoconfigure.validation.ValidationAutoConfiguration, org.springframework.boot.autoconfigure.web.servlet.error.ErrorMvcAutoConfiguration, org.springframework.boot.autoconfigure.web.servlet.WebMvcAutoConfiguration, org.springframework.boot.test.autoconfigure.web.servlet.MockMvcAutoConfiguration, org.springframework.boot.test.autoconfigure.web.servlet.MockMvcSecurityAutoConfiguration, org.springframework.boot.test.autoconfigure.web.servlet.MockMvcWebClientAutoConfiguration, org.springframework.boot.test.autoconfigure.web.servlet.MockMvcWebDriverAutoConfiguration]], org.springframework.boot.test.context.filter.ExcludeFilterContextCustomizer@741f237d, org.springframework.boot.test.json.DuplicateJsonObjectContextCustomizerFactory$DuplicateJsonObjectContextCustomizer@57857fe6, org.springframework.boot.test.mock.mockito.MockitoContextCustomizer@0], resourceBasePath = 'src/main/webapp', contextLoader = 'org.springframework.boot.test.context.SpringBootContextLoader', parent = [null]], attributes = map[[empty]]]].
22:04:44.900 [Test worker] DEBUG org.springframework.test.context.support.TestPropertySourceUtils - Adding inlined properties to environment: {spring.jmx.enabled=false, org.springframework.boot.test.autoconfigure.web.servlet.WebMvcTestContextBootstrapper=true, server.port=-1}

  .   ____          _            __ _ _
 /\\ / ___'_ __ _ _(_)_ __  __ _ \ \ \ \
( ( )\___ | '_ | '_| | '_ \/ _` | \ \ \ \
 \\/  ___)| |_)| | | | | || (_| |  ) ) ) )
  '  |____| .__|_| |_|_| |_\__, | / / / /
 =========|_|==============|___/=/_/_/_/
 :: Spring Boot ::        (v2.1.7.RELEASE)

2022-02-27 22:04:46.763  INFO 5936 --- [    Test worker] c.c.p.s.web.HelloControllerTest          : Starting HelloControllerTest on DESKTOP-IBIA5LM with PID 5936 (started by user in C:\Users\user\IdeaProjects\practice1-springboot-webservice)
2022-02-27 22:04:46.881  INFO 5936 --- [    Test worker] c.c.p.s.web.HelloControllerTest          : No active profile set, falling back to default profiles: default
2022-02-27 22:04:53.875  INFO 5936 --- [    Test worker] o.s.s.concurrent.ThreadPoolTaskExecutor  : Initializing ExecutorService 'applicationTaskExecutor'
2022-02-27 22:04:54.136  INFO 5936 --- [    Test worker] o.s.b.a.w.s.WelcomePageHandlerMapping    : Adding welcome page template: index
2022-02-27 22:04:56.729  INFO 5936 --- [    Test worker] .s.s.UserDetailsServiceAutoConfiguration : 

Using generated security password: e6b05974-bac2-4df5-9684-81a360808bc8

2022-02-27 22:04:57.503  INFO 5936 --- [    Test worker] o.s.s.web.DefaultSecurityFilterChain     : Creating filter chain: any request, [org.springframework.security.web.context.request.async.WebAsyncManagerIntegrationFilter@37abefdd, org.springframework.security.web.context.SecurityContextPersistenceFilter@75aef8cc, org.springframework.security.web.header.HeaderWriterFilter@13dffa65, org.springframework.security.web.csrf.CsrfFilter@7df4a13e, org.springframework.security.web.authentication.logout.LogoutFilter@770bd95d, org.springframework.security.web.authentication.UsernamePasswordAuthenticationFilter@cbd4679, org.springframework.security.web.authentication.ui.DefaultLoginPageGeneratingFilter@66474458, org.springframework.security.web.authentication.ui.DefaultLogoutPageGeneratingFilter@b9bf29b, org.springframework.security.web.authentication.www.BasicAuthenticationFilter@78d83616, org.springframework.security.web.savedrequest.RequestCacheAwareFilter@6965cf95, org.springframework.security.web.servletapi.SecurityContextHolderAwareRequestFilter@41217938, org.springframework.security.web.authentication.AnonymousAuthenticationFilter@5498bb82, org.springframework.security.web.session.SessionManagementFilter@43a0e989, org.springframework.security.web.access.ExceptionTranslationFilter@15848e18, org.springframework.security.web.access.intercept.FilterSecurityInterceptor@1b177087]
2022-02-27 22:04:57.665  INFO 5936 --- [    Test worker] o.s.b.t.m.w.SpringBootMockServletContext : Initializing Spring TestDispatcherServlet ''
2022-02-27 22:04:57.666  INFO 5936 --- [    Test worker] o.s.t.web.servlet.TestDispatcherServlet  : Initializing Servlet ''
2022-02-27 22:04:57.969  INFO 5936 --- [    Test worker] o.s.t.web.servlet.TestDispatcherServlet  : Completed initialization in 302 ms
2022-02-27 22:04:58.385  INFO 5936 --- [    Test worker] c.c.p.s.web.HelloControllerTest          : Started HelloControllerTest in 13.465 seconds (JVM running for 18.863)
]]></system-out>
  <system-err><![CDATA[]]></system-err>
</testsuite>
