<?xml version="1.0" encoding="UTF-8"?>
<testsuite name="com.ch.practice.springboot.domain.posts.PostRepositoryTest" tests="2" skipped="0" failures="0" errors="0" timestamp="2022-02-27T13:05:23" hostname="DESKTOP-IBIA5LM" time="0.298">
  <properties/>
  <testcase name="게시글저장_불러오기" classname="com.ch.practice.springboot.domain.posts.PostRepositoryTest" time="0.269"/>
  <testcase name="BaseTimeEntity_등록" classname="com.ch.practice.springboot.domain.posts.PostRepositoryTest" time="0.028"/>
  <system-out><![CDATA[2022-02-27 22:05:17.980  INFO 5936 --- [    Test worker] .b.t.c.SpringBootTestContextBootstrapper : Neither @ContextConfiguration nor @ContextHierarchy found for test class [com.ch.practice.springboot.domain.posts.PostRepositoryTest], using SpringBootContextLoader
2022-02-27 22:05:17.982  INFO 5936 --- [    Test worker] o.s.t.c.support.AbstractContextLoader    : Could not detect default resource locations for test class [com.ch.practice.springboot.domain.posts.PostRepositoryTest]: no resource found for suffixes {-context.xml, Context.groovy}.
2022-02-27 22:05:17.982  INFO 5936 --- [    Test worker] t.c.s.AnnotationConfigContextLoaderUtils : Could not detect default configuration classes for test class [com.ch.practice.springboot.domain.posts.PostRepositoryTest]: PostRepositoryTest does not declare any static, non-private, non-final, nested classes annotated with @Configuration.
2022-02-27 22:05:18.111  INFO 5936 --- [    Test worker] .b.t.c.SpringBootTestContextBootstrapper : Found @SpringBootConfiguration com.ch.practice.springboot.Application for test class com.ch.practice.springboot.domain.posts.PostRepositoryTest
2022-02-27 22:05:18.119  INFO 5936 --- [    Test worker] .b.t.c.SpringBootTestContextBootstrapper : Loaded default TestExecutionListener class names from location [META-INF/spring.factories]: [org.springframework.security.test.context.support.WithSecurityContextTestExecutionListener, org.springframework.security.test.context.support.ReactorContextTestExecutionListener, org.springframework.boot.test.autoconfigure.restdocs.RestDocsTestExecutionListener, org.springframework.boot.test.autoconfigure.web.client.MockRestServiceServerResetTestExecutionListener, org.springframework.boot.test.autoconfigure.web.servlet.MockMvcPrintOnlyOnFailureTestExecutionListener, org.springframework.boot.test.autoconfigure.web.servlet.WebDriverTestExecutionListener, org.springframework.boot.test.mock.mockito.MockitoTestExecutionListener, org.springframework.boot.test.mock.mockito.ResetMocksTestExecutionListener, org.springframework.test.context.web.ServletTestExecutionListener, org.springframework.test.context.support.DirtiesContextBeforeModesTestExecutionListener, org.springframework.test.context.support.DependencyInjectionTestExecutionListener, org.springframework.test.context.support.DirtiesContextTestExecutionListener, org.springframework.test.context.transaction.TransactionalTestExecutionListener, org.springframework.test.context.jdbc.SqlScriptsTestExecutionListener]
2022-02-27 22:05:18.132  INFO 5936 --- [    Test worker] .b.t.c.SpringBootTestContextBootstrapper : Using TestExecutionListeners: [org.springframework.test.context.web.ServletTestExecutionListener@504bf2d4, org.springframework.test.context.support.DirtiesContextBeforeModesTestExecutionListener@2157d137, org.springframework.boot.test.mock.mockito.MockitoTestExecutionListener@1c00caaf, org.springframework.boot.test.autoconfigure.SpringBootDependencyInjectionTestExecutionListener@1ab2c37e, org.springframework.test.context.support.DirtiesContextTestExecutionListener@15e04fae, org.springframework.test.context.transaction.TransactionalTestExecutionListener@aa1ea4c, org.springframework.test.context.jdbc.SqlScriptsTestExecutionListener@10ee0c05, org.springframework.security.test.context.support.WithSecurityContextTestExecutionListener@1ccb9455, org.springframework.security.test.context.support.ReactorContextTestExecutionListener@bc1255d, org.springframework.boot.test.autoconfigure.restdocs.RestDocsTestExecutionListener@e375de3, org.springframework.boot.test.autoconfigure.web.client.MockRestServiceServerResetTestExecutionListener@6ed9f604, org.springframework.boot.test.autoconfigure.web.servlet.MockMvcPrintOnlyOnFailureTestExecutionListener@2e70aeb6, org.springframework.boot.test.autoconfigure.web.servlet.WebDriverTestExecutionListener@2c999de8, org.springframework.boot.test.mock.mockito.ResetMocksTestExecutionListener@18f515dd]

  .   ____          _            __ _ _
 /\\ / ___'_ __ _ _(_)_ __  __ _ \ \ \ \
( ( )\___ | '_ | '_| | '_ \/ _` | \ \ \ \
 \\/  ___)| |_)| | | | | || (_| |  ) ) ) )
  '  |____| .__|_| |_|_| |_\__, | / / / /
 =========|_|==============|___/=/_/_/_/
 :: Spring Boot ::        (v2.1.7.RELEASE)

2022-02-27 22:05:18.231  INFO 5936 --- [    Test worker] c.c.p.s.domain.posts.PostRepositoryTest  : Starting PostRepositoryTest on DESKTOP-IBIA5LM with PID 5936 (started by user in C:\Users\user\IdeaProjects\practice1-springboot-webservice)
2022-02-27 22:05:18.231  INFO 5936 --- [    Test worker] c.c.p.s.domain.posts.PostRepositoryTest  : No active profile set, falling back to default profiles: default
2022-02-27 22:05:19.118  INFO 5936 --- [    Test worker] .s.d.r.c.RepositoryConfigurationDelegate : Bootstrapping Spring Data repositories in DEFAULT mode.
2022-02-27 22:05:19.197  INFO 5936 --- [    Test worker] .s.d.r.c.RepositoryConfigurationDelegate : Finished Spring Data repository scanning in 78ms. Found 2 repository interfaces.
2022-02-27 22:05:19.457  INFO 5936 --- [    Test worker] trationDelegate$BeanPostProcessorChecker : Bean 'org.springframework.transaction.annotation.ProxyTransactionManagementConfiguration' of type [org.springframework.transaction.annotation.ProxyTransactionManagementConfiguration$$EnhancerBySpringCGLIB$$6662fb1c] is not eligible for getting processed by all BeanPostProcessors (for example: not eligible for auto-proxying)
2022-02-27 22:05:19.638  INFO 5936 --- [    Test worker] com.zaxxer.hikari.HikariDataSource       : HikariPool-2 - Starting...
2022-02-27 22:05:19.639  INFO 5936 --- [    Test worker] com.zaxxer.hikari.HikariDataSource       : HikariPool-2 - Start completed.
2022-02-27 22:05:19.718  INFO 5936 --- [    Test worker] o.hibernate.jpa.internal.util.LogHelper  : HHH000204: Processing PersistenceUnitInfo [
	name: default
	...]
2022-02-27 22:05:19.762  INFO 5936 --- [    Test worker] org.hibernate.dialect.Dialect            : HHH000400: Using dialect: org.hibernate.dialect.MySQL5InnoDBDialect
Hibernate: drop table if exists posts
Hibernate: drop table if exists user
Hibernate: create table posts (id bigint not null auto_increment, created_date datetime, modified_date datetime, author varchar(255), content TEXT not null, title varchar(500) not null, primary key (id)) engine=InnoDB
Hibernate: create table user (id bigint not null auto_increment, created_date datetime, modified_date datetime, email varchar(255) not null, name varchar(255) not null, picture varchar(255), role varchar(255) not null, primary key (id)) engine=InnoDB
2022-02-27 22:05:19.862  INFO 5936 --- [    Test worker] o.h.t.schema.internal.SchemaCreatorImpl  : HHH000476: Executing import script 'org.hibernate.tool.schema.internal.exec.ScriptSourceInputNonExistentImpl@7d4a4f94'
2022-02-27 22:05:19.862  INFO 5936 --- [    Test worker] j.LocalContainerEntityManagerFactoryBean : Initialized JPA EntityManagerFactory for persistence unit 'default'
2022-02-27 22:05:20.247  INFO 5936 --- [    Test worker] o.h.h.i.QueryTranslatorFactoryInitiator  : HHH000397: Using ASTQueryTranslatorFactory
2022-02-27 22:05:20.742  INFO 5936 --- [    Test worker] o.s.s.web.DefaultSecurityFilterChain     : Creating filter chain: any request, [org.springframework.security.web.context.request.async.WebAsyncManagerIntegrationFilter@2a20cb99, org.springframework.security.web.context.SecurityContextPersistenceFilter@63091688, org.springframework.security.web.header.HeaderWriterFilter@dce46fd, org.springframework.security.web.authentication.logout.LogoutFilter@6b46110c, org.springframework.security.oauth2.client.web.OAuth2AuthorizationRequestRedirectFilter@18bde9b7, org.springframework.security.oauth2.client.web.OAuth2LoginAuthenticationFilter@1b49a34e, org.springframework.security.web.authentication.ui.DefaultLoginPageGeneratingFilter@4050e2d8, org.springframework.security.web.authentication.ui.DefaultLogoutPageGeneratingFilter@5e21340f, org.springframework.security.web.savedrequest.RequestCacheAwareFilter@4137606d, org.springframework.security.web.servletapi.SecurityContextHolderAwareRequestFilter@3eb13f18, org.springframework.security.web.authentication.AnonymousAuthenticationFilter@29269e2d, org.springframework.security.web.session.SessionManagementFilter@74f15dd3, org.springframework.security.web.access.ExceptionTranslationFilter@59af6672, org.springframework.security.web.access.intercept.FilterSecurityInterceptor@f4f675d]
2022-02-27 22:05:21.755  INFO 5936 --- [    Test worker] o.s.s.concurrent.ThreadPoolTaskExecutor  : Initializing ExecutorService 'applicationTaskExecutor'
2022-02-27 22:05:21.791  WARN 5936 --- [    Test worker] aWebConfiguration$JpaWebMvcConfiguration : spring.jpa.open-in-view is enabled by default. Therefore, database queries may be performed during view rendering. Explicitly configure spring.jpa.open-in-view to disable this warning
2022-02-27 22:05:21.909  INFO 5936 --- [    Test worker] o.s.b.a.w.s.WelcomePageHandlerMapping    : Adding welcome page template: index
2022-02-27 22:05:23.001  INFO 5936 --- [    Test worker] s.a.ScheduledAnnotationBeanPostProcessor : No TaskScheduler/ScheduledExecutorService bean found for scheduled processing
2022-02-27 22:05:23.006  INFO 5936 --- [    Test worker] c.c.p.s.domain.posts.PostRepositoryTest  : Started PostRepositoryTest in 4.868 seconds (JVM running for 43.483)
Hibernate: insert into posts (created_date, modified_date, author, content, title) values (?, ?, ?, ?, ?)
Hibernate: select posts0_.id as id1_0_, posts0_.created_date as created_2_0_, posts0_.modified_date as modified3_0_, posts0_.author as author4_0_, posts0_.content as content5_0_, posts0_.title as title6_0_ from posts posts0_
Hibernate: select posts0_.id as id1_0_, posts0_.created_date as created_2_0_, posts0_.modified_date as modified3_0_, posts0_.author as author4_0_, posts0_.content as content5_0_, posts0_.title as title6_0_ from posts posts0_
Hibernate: delete from posts where id=?
Hibernate: insert into posts (created_date, modified_date, author, content, title) values (?, ?, ?, ?, ?)
Hibernate: select posts0_.id as id1_0_, posts0_.created_date as created_2_0_, posts0_.modified_date as modified3_0_, posts0_.author as author4_0_, posts0_.content as content5_0_, posts0_.title as title6_0_ from posts posts0_
>>>>>>> createDate2022-02-27T22:05:23.293, modifiedDate=2022-02-27T22:05:23.293
Hibernate: select posts0_.id as id1_0_, posts0_.created_date as created_2_0_, posts0_.modified_date as modified3_0_, posts0_.author as author4_0_, posts0_.content as content5_0_, posts0_.title as title6_0_ from posts posts0_
Hibernate: delete from posts where id=?
]]></system-out>
  <system-err><![CDATA[]]></system-err>
</testsuite>
